# JRE version: Java(TM) SE Runtime Environment (17.0.9+11) (build 17.0.9+11-LTS-201)
# Java VM: Java HotSpot(TM) 64-Bit Server VM (17.0.9+11-LTS-201, mixed mode, sharing, tiered, compressed oops, compressed class ptrs, g1 gc, windows-amd64)
GC Precious Log:
 CPUs: 20 total, 20 available
 Memory: 16234M
 Large Page Support: Disabled
 NUMA Support: Disabled
 Compressed Oops: Enabled (Zero based)
 Heap Region Size: 2M
 Heap Min Capacity: 8M
 Heap Initial Capacity: 254M
 Heap Max Capacity: 4060M
 Pre-touch: Disabled
 Parallel Workers: 15
 Concurrent Workers: 4
 Concurrent Refinement Workers: 15
 Periodic GC: Disabled
Heap:
 garbage-first heap   total 157696K, used 40578K [0x0000000702400000, 0x0000000800000000)
  region size 2048K, 14 young (28672K), 2 survivors (4096K)
 Metaspace       used 35314K, committed 35712K, reserved 1114112K
  class space    used 4527K, committed 4672K, reserved 1048576K
GC Heap History (14 events):
Event: 0.246 GC heap before
{Heap before GC invocations=0 (full 0):
 garbage-first heap   total 260096K, used 20480K [0x0000000702400000, 0x0000000800000000)
  region size 2048K, 11 young (22528K), 0 survivors (0K)
 Metaspace       used 4727K, committed 4928K, reserved 1114112K
  class space    used 586K, committed 704K, reserved 1048576K
}
Event: 0.248 GC heap after
{Heap after GC invocations=1 (full 0):
 garbage-first heap   total 260096K, used 6096K [0x0000000702400000, 0x0000000800000000)
  region size 2048K, 2 young (4096K), 2 survivors (4096K)
 Metaspace       used 4727K, committed 4928K, reserved 1114112K
  class space    used 586K, committed 704K, reserved 1048576K
}
Event: 0.530 GC heap before
{Heap before GC invocations=1 (full 0):
 garbage-first heap   total 260096K, used 32720K [0x0000000702400000, 0x0000000800000000)
  region size 2048K, 15 young (30720K), 2 survivors (4096K)
 Metaspace       used 10825K, committed 11136K, reserved 1114112K
  class space    used 1399K, committed 1536K, reserved 1048576K
}
Event: 0.533 GC heap after
{Heap after GC invocations=2 (full 0):
 garbage-first heap   total 260096K, used 8326K [0x0000000702400000, 0x0000000800000000)
  region size 2048K, 2 young (4096K), 2 survivors (4096K)
 Metaspace       used 10825K, committed 11136K, reserved 1114112K
  class space    used 1399K, committed 1536K, reserved 1048576K
}
Event: 0.803 GC heap before
{Heap before GC invocations=2 (full 0):
 garbage-first heap   total 260096K, used 55430K [0x0000000702400000, 0x0000000800000000)
  region size 2048K, 26 young (53248K), 2 survivors (4096K)
 Metaspace       used 21255K, committed 21504K, reserved 1114112K
  class space    used 2679K, committed 2816K, reserved 1048576K
}
Event: 0.806 GC heap after
{Heap after GC invocations=3 (full 0):
 garbage-first heap   total 260096K, used 12276K [0x0000000702400000, 0x0000000800000000)
  region size 2048K, 3 young (6144K), 3 survivors (6144K)
 Metaspace       used 21255K, committed 21504K, reserved 1114112K
  class space    used 2679K, committed 2816K, reserved 1048576K
}
Event: 1.030 GC heap before
{Heap before GC invocations=4 (full 0):
 garbage-first heap   total 55296K, used 38900K [0x0000000702400000, 0x0000000800000000)
  region size 2048K, 17 young (34816K), 3 survivors (6144K)
 Metaspace       used 24541K, committed 24896K, reserved 1114112K
  class space    used 3107K, committed 3264K, reserved 1048576K
}
Event: 1.034 GC heap after
{Heap after GC invocations=5 (full 0):
 garbage-first heap   total 55296K, used 15367K [0x0000000702400000, 0x0000000800000000)
  region size 2048K, 5 young (10240K), 5 survivors (10240K)
 Metaspace       used 24541K, committed 24896K, reserved 1114112K
  class space    used 3107K, committed 3264K, reserved 1048576K
}
Event: 1.185 GC heap before
{Heap before GC invocations=5 (full 0):
 garbage-first heap   total 55296K, used 33799K [0x0000000702400000, 0x0000000800000000)
  region size 2048K, 14 young (28672K), 5 survivors (10240K)
 Metaspace       used 26723K, committed 27072K, reserved 1114112K
  class space    used 3404K, committed 3584K, reserved 1048576K
}
Event: 1.190 GC heap after
{Heap after GC invocations=6 (full 0):
 garbage-first heap   total 55296K, used 16453K [0x0000000702400000, 0x0000000800000000)
  region size 2048K, 1 young (2048K), 1 survivors (2048K)
 Metaspace       used 26723K, committed 27072K, reserved 1114112K
  class space    used 3404K, committed 3584K, reserved 1048576K
}
Event: 1.395 GC heap before
{Heap before GC invocations=6 (full 0):
 garbage-first heap   total 55296K, used 34885K [0x0000000702400000, 0x0000000800000000)
  region size 2048K, 11 young (22528K), 1 survivors (2048K)
 Metaspace       used 31710K, committed 32064K, reserved 1114112K
  class space    used 4054K, committed 4224K, reserved 1048576K
}
Event: 1.399 GC heap after
{Heap after GC invocations=7 (full 0):
 garbage-first heap   total 55296K, used 17600K [0x0000000702400000, 0x0000000800000000)
  region size 2048K, 2 young (4096K), 2 survivors (4096K)
 Metaspace       used 31710K, committed 32064K, reserved 1114112K
  class space    used 4054K, committed 4224K, reserved 1048576K
}
Event: 1.461 GC heap before
{Heap before GC invocations=7 (full 0):
 garbage-first heap   total 55296K, used 36032K [0x0000000702400000, 0x0000000800000000)
  region size 2048K, 12 young (24576K), 2 survivors (4096K)
 Metaspace       used 32633K, committed 33024K, reserved 1114112K
  class space    used 4162K, committed 4352K, reserved 1048576K
}
Event: 1.464 GC heap after
{Heap after GC invocations=8 (full 0):
 garbage-first heap   total 157696K, used 18050K [0x0000000702400000, 0x0000000800000000)
  region size 2048K, 2 young (4096K), 2 survivors (4096K)
 Metaspace       used 32633K, committed 33024K, reserved 1114112K
  class space    used 4162K, committed 4352K, reserved 1048576K
}

