# JRE version: Java(TM) SE Runtime Environment (17.0.9+11) (build 17.0.9+11-LTS-201)
# Java VM: Java HotSpot(TM) 64-Bit Server VM (17.0.9+11-LTS-201, mixed mode, emulated-client, sharing, tiered, compressed oops, compressed class ptrs, g1 gc, windows-amd64)
GC Precious Log:
 CPUs: 20 total, 20 available
 Memory: 16234M
 Large Page Support: Disabled
 NUMA Support: Disabled
 Compressed Oops: Enabled (Zero based)
 Heap Region Size: 2M
 Heap Min Capacity: 8M
 Heap Initial Capacity: 254M
 Heap Max Capacity: 4060M
 Pre-touch: Disabled
 Parallel Workers: 15
 Concurrent Workers: 4
 Concurrent Refinement Workers: 15
 Periodic GC: Disabled
Heap:
 garbage-first heap   total 137216K, used 78087K [0x0000000702400000, 0x0000000800000000)
  region size 2048K, 23 young (47104K), 3 survivors (6144K)
 Metaspace       used 79951K, committed 80896K, reserved 1179648K
  class space    used 11243K, committed 11712K, reserved 1048576K
GC Heap History (20 events):
Event: 5.094 GC heap before
{Heap before GC invocations=16 (full 0):
 garbage-first heap   total 90112K, used 69239K [0x0000000702400000, 0x0000000800000000)
  region size 2048K, 22 young (45056K), 3 survivors (6144K)
 Metaspace       used 71700K, committed 72384K, reserved 1114112K
  class space    used 10137K, committed 10432K, reserved 1048576K
}
Event: 5.100 GC heap after
{Heap after GC invocations=17 (full 0):
 garbage-first heap   total 90112K, used 33788K [0x0000000702400000, 0x0000000800000000)
  region size 2048K, 3 young (6144K), 3 survivors (6144K)
 Metaspace       used 71700K, committed 72384K, reserved 1114112K
  class space    used 10137K, committed 10432K, reserved 1048576K
}
Event: 5.317 GC heap before
{Heap before GC invocations=17 (full 0):
 garbage-first heap   total 90112K, used 70652K [0x0000000702400000, 0x0000000800000000)
  region size 2048K, 21 young (43008K), 3 survivors (6144K)
 Metaspace       used 76183K, committed 77056K, reserved 1179648K
  class space    used 10705K, committed 11136K, reserved 1048576K
}
Event: 5.321 GC heap after
{Heap after GC invocations=18 (full 0):
 garbage-first heap   total 90112K, used 39320K [0x0000000702400000, 0x0000000800000000)
  region size 2048K, 3 young (6144K), 3 survivors (6144K)
 Metaspace       used 76183K, committed 77056K, reserved 1179648K
  class space    used 10705K, committed 11136K, reserved 1048576K
}
Event: 5.413 GC heap before
{Heap before GC invocations=18 (full 0):
 garbage-first heap   total 90112K, used 67992K [0x0000000702400000, 0x0000000800000000)
  region size 2048K, 17 young (34816K), 3 survivors (6144K)
 Metaspace       used 76833K, committed 77760K, reserved 1179648K
  class space    used 10827K, committed 11264K, reserved 1048576K
}
Event: 5.416 GC heap after
{Heap after GC invocations=19 (full 0):
 garbage-first heap   total 90112K, used 42597K [0x0000000702400000, 0x0000000800000000)
  region size 2048K, 2 young (4096K), 2 survivors (4096K)
 Metaspace       used 76833K, committed 77760K, reserved 1179648K
  class space    used 10827K, committed 11264K, reserved 1048576K
}
Event: 47.786 GC heap before
{Heap before GC invocations=19 (full 0):
 garbage-first heap   total 90112K, used 67173K [0x0000000702400000, 0x0000000800000000)
  region size 2048K, 14 young (28672K), 2 survivors (4096K)
 Metaspace       used 78431K, committed 79424K, reserved 1179648K
  class space    used 11050K, committed 11520K, reserved 1048576K
}
Event: 47.789 GC heap after
{Heap after GC invocations=20 (full 0):
 garbage-first heap   total 90112K, used 44239K [0x0000000702400000, 0x0000000800000000)
  region size 2048K, 1 young (2048K), 1 survivors (2048K)
 Metaspace       used 78431K, committed 79424K, reserved 1179648K
  class space    used 11050K, committed 11520K, reserved 1048576K
}
Event: 158.876 GC heap before
{Heap before GC invocations=21 (full 0):
 garbage-first heap   total 90112K, used 68815K [0x0000000702400000, 0x0000000800000000)
  region size 2048K, 14 young (28672K), 1 survivors (2048K)
 Metaspace       used 79249K, committed 80256K, reserved 1179648K
  class space    used 11178K, committed 11648K, reserved 1048576K
}
Event: 158.906 GC heap after
{Heap after GC invocations=22 (full 1):
 garbage-first heap   total 90112K, used 32463K [0x0000000702400000, 0x0000000800000000)
  region size 2048K, 0 young (0K), 0 survivors (0K)
 Metaspace       used 79249K, committed 80256K, reserved 1179648K
  class space    used 11178K, committed 11648K, reserved 1048576K
}
Event: 159.060 GC heap before
{Heap before GC invocations=22 (full 1):
 garbage-first heap   total 90112K, used 65231K [0x0000000702400000, 0x0000000800000000)
  region size 2048K, 17 young (34816K), 0 survivors (0K)
 Metaspace       used 79343K, committed 80320K, reserved 1179648K
  class space    used 11194K, committed 11648K, reserved 1048576K
}
Event: 159.061 GC heap after
{Heap after GC invocations=23 (full 1):
 garbage-first heap   total 90112K, used 35575K [0x0000000702400000, 0x0000000800000000)
  region size 2048K, 2 young (4096K), 2 survivors (4096K)
 Metaspace       used 79343K, committed 80320K, reserved 1179648K
  class space    used 11194K, committed 11648K, reserved 1048576K
}
Event: 159.181 GC heap before
{Heap before GC invocations=23 (full 1):
 garbage-first heap   total 90112K, used 64247K [0x0000000702400000, 0x0000000800000000)
  region size 2048K, 17 young (34816K), 2 survivors (4096K)
 Metaspace       used 79511K, committed 80448K, reserved 1179648K
  class space    used 11211K, committed 11648K, reserved 1048576K
}
Event: 159.183 GC heap after
{Heap after GC invocations=24 (full 1):
 garbage-first heap   total 90112K, used 38144K [0x0000000702400000, 0x0000000800000000)
  region size 2048K, 3 young (6144K), 3 survivors (6144K)
 Metaspace       used 79511K, committed 80448K, reserved 1179648K
  class space    used 11211K, committed 11648K, reserved 1048576K
}
Event: 159.422 GC heap before
{Heap before GC invocations=24 (full 1):
 garbage-first heap   total 90112K, used 66816K [0x0000000702400000, 0x0000000800000000)
  region size 2048K, 17 young (34816K), 3 survivors (6144K)
 Metaspace       used 79577K, committed 80512K, reserved 1179648K
  class space    used 11220K, committed 11648K, reserved 1048576K
}
Event: 159.425 GC heap after
{Heap after GC invocations=25 (full 1):
 garbage-first heap   total 165888K, used 40765K [0x0000000702400000, 0x0000000800000000)
  region size 2048K, 3 young (6144K), 3 survivors (6144K)
 Metaspace       used 79577K, committed 80512K, reserved 1179648K
  class space    used 11220K, committed 11648K, reserved 1048576K
}
Event: 880.337 GC heap before
{Heap before GC invocations=25 (full 1):
 garbage-first heap   total 165888K, used 83773K [0x0000000702400000, 0x0000000800000000)
  region size 2048K, 25 young (51200K), 3 survivors (6144K)
 Metaspace       used 79593K, committed 80576K, reserved 1179648K
  class space    used 11224K, committed 11648K, reserved 1048576K
}
Event: 880.362 GC heap after
{Heap after GC invocations=26 (full 2):
 garbage-first heap   total 137216K, used 34891K [0x0000000702400000, 0x0000000800000000)
  region size 2048K, 0 young (0K), 0 survivors (0K)
 Metaspace       used 79441K, committed 80576K, reserved 1179648K
  class space    used 11185K, committed 11648K, reserved 1048576K
}
Event: 880.764 GC heap before
{Heap before GC invocations=26 (full 2):
 garbage-first heap   total 137216K, used 92235K [0x0000000702400000, 0x0000000800000000)
  region size 2048K, 29 young (59392K), 0 survivors (0K)
 Metaspace       used 79782K, committed 80704K, reserved 1179648K
  class space    used 11231K, committed 11712K, reserved 1048576K
}
Event: 880.766 GC heap after
{Heap after GC invocations=27 (full 2):
 garbage-first heap   total 137216K, used 39175K [0x0000000702400000, 0x0000000800000000)
  region size 2048K, 3 young (6144K), 3 survivors (6144K)
 Metaspace       used 79782K, committed 80704K, reserved 1179648K
  class space    used 11231K, committed 11712K, reserved 1048576K
}

