# JRE version: Java(TM) SE Runtime Environment (17.0.9+11) (build 17.0.9+11-LTS-201)
# Java VM: Java HotSpot(TM) 64-Bit Server VM (17.0.9+11-LTS-201, mixed mode, emulated-client, sharing, tiered, compressed oops, compressed class ptrs, g1 gc, windows-amd64)
GC Precious Log:
 CPUs: 20 total, 20 available
 Memory: 16234M
 Large Page Support: Disabled
 NUMA Support: Disabled
 Compressed Oops: Enabled (Zero based)
 Heap Region Size: 2M
 Heap Min Capacity: 8M
 Heap Initial Capacity: 254M
 Heap Max Capacity: 4060M
 Pre-touch: Disabled
 Parallel Workers: 15
 Concurrent Workers: 4
 Concurrent Refinement Workers: 15
 Periodic GC: Disabled
Heap:
 garbage-first heap   total 96256K, used 45750K [0x0000000702400000, 0x0000000800000000)
  region size 2048K, 2 young (4096K), 2 survivors (4096K)
 Metaspace       used 81752K, committed 82752K, reserved 1179648K
  class space    used 11493K, committed 11968K, reserved 1048576K
GC Heap History (20 events):
Event: 0.843 GC heap after
{Heap after GC invocations=5 (full 0):
 garbage-first heap   total 61440K, used 17550K [0x0000000702400000, 0x0000000800000000)
  region size 2048K, 5 young (10240K), 5 survivors (10240K)
 Metaspace       used 23291K, committed 23616K, reserved 1114112K
  class space    used 3074K, committed 3264K, reserved 1048576K
}
Event: 0.853 GC heap before
{Heap before GC invocations=5 (full 0):
 garbage-first heap   total 61440K, used 19598K [0x0000000702400000, 0x0000000800000000)
  region size 2048K, 6 young (12288K), 5 survivors (10240K)
 Metaspace       used 23301K, committed 23680K, reserved 1114112K
  class space    used 3078K, committed 3264K, reserved 1048576K
}
Event: 0.856 GC heap after
{Heap after GC invocations=6 (full 0):
 garbage-first heap   total 161792K, used 18352K [0x0000000702400000, 0x0000000800000000)
  region size 2048K, 1 young (2048K), 1 survivors (2048K)
 Metaspace       used 23301K, committed 23680K, reserved 1114112K
  class space    used 3078K, committed 3264K, reserved 1048576K
}
Event: 1.464 GC heap before
{Heap before GC invocations=6 (full 0):
 garbage-first heap   total 161792K, used 110512K [0x0000000702400000, 0x0000000800000000)
  region size 2048K, 47 young (96256K), 1 survivors (2048K)
 Metaspace       used 35638K, committed 36096K, reserved 1114112K
  class space    used 4829K, committed 4992K, reserved 1048576K
}
Event: 1.468 GC heap after
{Heap after GC invocations=7 (full 0):
 garbage-first heap   total 161792K, used 23261K [0x0000000702400000, 0x0000000800000000)
  region size 2048K, 4 young (8192K), 4 survivors (8192K)
 Metaspace       used 35638K, committed 36096K, reserved 1114112K
  class space    used 4829K, committed 4992K, reserved 1048576K
}
Event: 1.862 GC heap before
{Heap before GC invocations=8 (full 0):
 garbage-first heap   total 96256K, used 72413K [0x0000000702400000, 0x0000000800000000)
  region size 2048K, 28 young (57344K), 4 survivors (8192K)
 Metaspace       used 49690K, committed 50112K, reserved 1114112K
  class space    used 6781K, committed 6976K, reserved 1048576K
}
Event: 1.866 GC heap after
{Heap after GC invocations=9 (full 0):
 garbage-first heap   total 96256K, used 26453K [0x0000000702400000, 0x0000000800000000)
  region size 2048K, 2 young (4096K), 2 survivors (4096K)
 Metaspace       used 49690K, committed 50112K, reserved 1114112K
  class space    used 6781K, committed 6976K, reserved 1048576K
}
Event: 2.184 GC heap before
{Heap before GC invocations=9 (full 0):
 garbage-first heap   total 96256K, used 69461K [0x0000000702400000, 0x0000000800000000)
  region size 2048K, 23 young (47104K), 2 survivors (4096K)
 Metaspace       used 58219K, committed 58816K, reserved 1114112K
  class space    used 8140K, committed 8448K, reserved 1048576K
}
Event: 2.187 GC heap after
{Heap after GC invocations=10 (full 0):
 garbage-first heap   total 96256K, used 28820K [0x0000000702400000, 0x0000000800000000)
  region size 2048K, 2 young (4096K), 2 survivors (4096K)
 Metaspace       used 58219K, committed 58816K, reserved 1114112K
  class space    used 8140K, committed 8448K, reserved 1048576K
}
Event: 2.264 GC heap before
{Heap before GC invocations=10 (full 0):
 garbage-first heap   total 96256K, used 39060K [0x0000000702400000, 0x0000000800000000)
  region size 2048K, 8 young (16384K), 2 survivors (4096K)
 Metaspace       used 60193K, committed 60736K, reserved 1114112K
  class space    used 8422K, committed 8704K, reserved 1048576K
}
Event: 2.265 GC heap after
{Heap after GC invocations=11 (full 0):
 garbage-first heap   total 96256K, used 28945K [0x0000000702400000, 0x0000000800000000)
  region size 2048K, 2 young (4096K), 2 survivors (4096K)
 Metaspace       used 60193K, committed 60736K, reserved 1114112K
  class space    used 8422K, committed 8704K, reserved 1048576K
}
Event: 2.509 GC heap before
{Heap before GC invocations=12 (full 0):
 garbage-first heap   total 96256K, used 71953K [0x0000000702400000, 0x0000000800000000)
  region size 2048K, 23 young (47104K), 2 survivors (4096K)
 Metaspace       used 65234K, committed 65856K, reserved 1114112K
  class space    used 9182K, committed 9472K, reserved 1048576K
}
Event: 2.511 GC heap after
{Heap after GC invocations=13 (full 0):
 garbage-first heap   total 96256K, used 31331K [0x0000000702400000, 0x0000000800000000)
  region size 2048K, 3 young (6144K), 3 survivors (6144K)
 Metaspace       used 65234K, committed 65856K, reserved 1114112K
  class space    used 9182K, committed 9472K, reserved 1048576K
}
Event: 2.790 GC heap before
{Heap before GC invocations=13 (full 0):
 garbage-first heap   total 96256K, used 72291K [0x0000000702400000, 0x0000000800000000)
  region size 2048K, 23 young (47104K), 3 survivors (6144K)
 Metaspace       used 71946K, committed 72576K, reserved 1114112K
  class space    used 10116K, committed 10432K, reserved 1048576K
}
Event: 2.793 GC heap after
{Heap after GC invocations=14 (full 0):
 garbage-first heap   total 96256K, used 34210K [0x0000000702400000, 0x0000000800000000)
  region size 2048K, 3 young (6144K), 3 survivors (6144K)
 Metaspace       used 71946K, committed 72576K, reserved 1114112K
  class space    used 10116K, committed 10432K, reserved 1048576K
}
Event: 15.162 GC heap before
{Heap before GC invocations=14 (full 0):
 garbage-first heap   total 96256K, used 71074K [0x0000000702400000, 0x0000000800000000)
  region size 2048K, 22 young (45056K), 3 survivors (6144K)
 Metaspace       used 76704K, committed 77376K, reserved 1179648K
  class space    used 10818K, committed 11136K, reserved 1048576K
}
Event: 15.168 GC heap after
{Heap after GC invocations=15 (full 0):
 garbage-first heap   total 96256K, used 37518K [0x0000000702400000, 0x0000000800000000)
  region size 2048K, 3 young (6144K), 3 survivors (6144K)
 Metaspace       used 76704K, committed 77376K, reserved 1179648K
  class space    used 10818K, committed 11136K, reserved 1048576K
}
Event: 15.376 GC heap before
{Heap before GC invocations=15 (full 0):
 garbage-first heap   total 96256K, used 72334K [0x0000000702400000, 0x0000000800000000)
  region size 2048K, 20 young (40960K), 3 survivors (6144K)
 Metaspace       used 81055K, committed 81920K, reserved 1179648K
  class space    used 11361K, committed 11776K, reserved 1048576K
}
Event: 15.381 GC heap after
{Heap after GC invocations=16 (full 0):
 garbage-first heap   total 96256K, used 42572K [0x0000000702400000, 0x0000000800000000)
  region size 2048K, 3 young (6144K), 3 survivors (6144K)
 Metaspace       used 81055K, committed 81920K, reserved 1179648K
  class space    used 11361K, committed 11776K, reserved 1048576K
}
Event: 15.478 GC heap before
{Heap before GC invocations=16 (full 0):
 garbage-first heap   total 96256K, used 73292K [0x0000000702400000, 0x0000000800000000)
  region size 2048K, 18 young (36864K), 3 survivors (6144K)
 Metaspace       used 81752K, committed 82752K, reserved 1179648K
  class space    used 11493K, committed 11968K, reserved 1048576K
}

