# JRE version: Java(TM) SE Runtime Environment (17.0.9+11) (build 17.0.9+11-LTS-201)
# Java VM: Java HotSpot(TM) 64-Bit Server VM (17.0.9+11-LTS-201, mixed mode, sharing, tiered, compressed oops, compressed class ptrs, g1 gc, windows-amd64)
GC Precious Log:
 CPUs: 20 total, 20 available
 Memory: 16234M
 Large Page Support: Disabled
 NUMA Support: Disabled
 Compressed Oops: Enabled (Zero based)
 Heap Region Size: 2M
 Heap Min Capacity: 8M
 Heap Initial Capacity: 254M
 Heap Max Capacity: 4060M
 Pre-touch: Disabled
 Parallel Workers: 15
 Concurrent Workers: 4
 Concurrent Refinement Workers: 15
 Periodic GC: Disabled
Heap:
 garbage-first heap   total 75776K, used 41528K [0x0000000702400000, 0x0000000800000000)
  region size 2048K, 12 young (24576K), 2 survivors (4096K)
 Metaspace       used 58435K, committed 58944K, reserved 1114112K
  class space    used 7903K, committed 8128K, reserved 1048576K
GC Heap History (18 events):
Event: 0.418 GC heap before
{Heap before GC invocations=0 (full 0):
 garbage-first heap   total 260096K, used 20480K [0x0000000702400000, 0x0000000800000000)
  region size 2048K, 11 young (22528K), 0 survivors (0K)
 Metaspace       used 4519K, committed 4672K, reserved 1114112K
  class space    used 547K, committed 640K, reserved 1048576K
}
Event: 0.428 GC heap after
{Heap after GC invocations=1 (full 0):
 garbage-first heap   total 260096K, used 6692K [0x0000000702400000, 0x0000000800000000)
  region size 2048K, 2 young (4096K), 2 survivors (4096K)
 Metaspace       used 4519K, committed 4672K, reserved 1114112K
  class space    used 547K, committed 640K, reserved 1048576K
}
Event: 0.903 GC heap before
{Heap before GC invocations=1 (full 0):
 garbage-first heap   total 260096K, used 31268K [0x0000000702400000, 0x0000000800000000)
  region size 2048K, 14 young (28672K), 2 survivors (4096K)
 Metaspace       used 10234K, committed 10432K, reserved 1114112K
  class space    used 1299K, committed 1408K, reserved 1048576K
}
Event: 0.906 GC heap after
{Heap after GC invocations=2 (full 0):
 garbage-first heap   total 260096K, used 9219K [0x0000000702400000, 0x0000000800000000)
  region size 2048K, 1 young (2048K), 1 survivors (2048K)
 Metaspace       used 10234K, committed 10432K, reserved 1114112K
  class space    used 1299K, committed 1408K, reserved 1048576K
}
Event: 1.248 GC heap before
{Heap before GC invocations=2 (full 0):
 garbage-first heap   total 260096K, used 64515K [0x0000000702400000, 0x0000000800000000)
  region size 2048K, 29 young (59392K), 1 survivors (2048K)
 Metaspace       used 21205K, committed 21504K, reserved 1114112K
  class space    used 2722K, committed 2880K, reserved 1048576K
}
Event: 1.252 GC heap after
{Heap after GC invocations=3 (full 0):
 garbage-first heap   total 260096K, used 13812K [0x0000000702400000, 0x0000000800000000)
  region size 2048K, 4 young (8192K), 4 survivors (8192K)
 Metaspace       used 21205K, committed 21504K, reserved 1114112K
  class space    used 2722K, committed 2880K, reserved 1048576K
}
Event: 1.662 GC heap before
{Heap before GC invocations=4 (full 0):
 garbage-first heap   total 61440K, used 42484K [0x0000000702400000, 0x0000000800000000)
  region size 2048K, 18 young (36864K), 4 survivors (8192K)
 Metaspace       used 23720K, committed 24000K, reserved 1114112K
  class space    used 3059K, committed 3200K, reserved 1048576K
}
Event: 1.667 GC heap after
{Heap after GC invocations=5 (full 0):
 garbage-first heap   total 61440K, used 15335K [0x0000000702400000, 0x0000000800000000)
  region size 2048K, 2 young (4096K), 2 survivors (4096K)
 Metaspace       used 23720K, committed 24000K, reserved 1114112K
  class space    used 3059K, committed 3200K, reserved 1048576K
}
Event: 2.118 GC heap before
{Heap before GC invocations=5 (full 0):
 garbage-first heap   total 61440K, used 39911K [0x0000000702400000, 0x0000000800000000)
  region size 2048K, 14 young (28672K), 2 survivors (4096K)
 Metaspace       used 27198K, committed 27584K, reserved 1114112K
  class space    used 3580K, committed 3776K, reserved 1048576K
}
Event: 2.122 GC heap after
{Heap after GC invocations=6 (full 0):
 garbage-first heap   total 61440K, used 17097K [0x0000000702400000, 0x0000000800000000)
  region size 2048K, 2 young (4096K), 2 survivors (4096K)
 Metaspace       used 27198K, committed 27584K, reserved 1114112K
  class space    used 3580K, committed 3776K, reserved 1048576K
}
Event: 2.501 GC heap before
{Heap before GC invocations=6 (full 0):
 garbage-first heap   total 61440K, used 41673K [0x0000000702400000, 0x0000000800000000)
  region size 2048K, 14 young (28672K), 2 survivors (4096K)
 Metaspace       used 31921K, committed 32320K, reserved 1114112K
  class space    used 4240K, committed 4416K, reserved 1048576K
}
Event: 2.509 GC heap after
{Heap after GC invocations=7 (full 0):
 garbage-first heap   total 61440K, used 18595K [0x0000000702400000, 0x0000000800000000)
  region size 2048K, 1 young (2048K), 1 survivors (2048K)
 Metaspace       used 31921K, committed 32320K, reserved 1114112K
  class space    used 4240K, committed 4416K, reserved 1048576K
}
Event: 2.735 GC heap before
{Heap before GC invocations=7 (full 0):
 garbage-first heap   total 61440K, used 32931K [0x0000000702400000, 0x0000000800000000)
  region size 2048K, 9 young (18432K), 1 survivors (2048K)
 Metaspace       used 35602K, committed 35968K, reserved 1114112K
  class space    used 4748K, committed 4928K, reserved 1048576K
}
Event: 2.740 GC heap after
{Heap after GC invocations=8 (full 0):
 garbage-first heap   total 161792K, used 19189K [0x0000000702400000, 0x0000000800000000)
  region size 2048K, 1 young (2048K), 1 survivors (2048K)
 Metaspace       used 35602K, committed 35968K, reserved 1114112K
  class space    used 4748K, committed 4928K, reserved 1048576K
}
Event: 3.538 GC heap before
{Heap before GC invocations=9 (full 0):
 garbage-first heap   total 75776K, used 62197K [0x0000000702400000, 0x0000000800000000)
  region size 2048K, 22 young (45056K), 1 survivors (2048K)
 Metaspace       used 47217K, committed 47680K, reserved 1114112K
  class space    used 6221K, committed 6464K, reserved 1048576K
}
Event: 3.545 GC heap after
{Heap after GC invocations=10 (full 0):
 garbage-first heap   total 75776K, used 22224K [0x0000000702400000, 0x0000000800000000)
  region size 2048K, 3 young (6144K), 3 survivors (6144K)
 Metaspace       used 47217K, committed 47680K, reserved 1114112K
  class space    used 6221K, committed 6464K, reserved 1048576K
}
Event: 4.056 GC heap before
{Heap before GC invocations=10 (full 0):
 garbage-first heap   total 75776K, used 54992K [0x0000000702400000, 0x0000000800000000)
  region size 2048K, 20 young (40960K), 3 survivors (6144K)
 Metaspace       used 54736K, committed 55232K, reserved 1114112K
  class space    used 7447K, committed 7680K, reserved 1048576K
}
Event: 4.062 GC heap after
{Heap after GC invocations=11 (full 0):
 garbage-first heap   total 75776K, used 23096K [0x0000000702400000, 0x0000000800000000)
  region size 2048K, 2 young (4096K), 2 survivors (4096K)
 Metaspace       used 54736K, committed 55232K, reserved 1114112K
  class space    used 7447K, committed 7680K, reserved 1048576K
}

