# JRE version: Java(TM) SE Runtime Environment (17.0.9+11) (build 17.0.9+11-LTS-201)
# Java VM: Java HotSpot(TM) 64-Bit Server VM (17.0.9+11-LTS-201, mixed mode, sharing, tiered, compressed oops, compressed class ptrs, g1 gc, windows-amd64)
GC Precious Log:
 CPUs: 20 total, 20 available
 Memory: 16234M
 Large Page Support: Disabled
 NUMA Support: Disabled
 Compressed Oops: Enabled (32-bit)
 Heap Region Size: 1M
 Heap Min Capacity: 256M
 Heap Initial Capacity: 256M
 Heap Max Capacity: 512M
 Pre-touch: Disabled
 Parallel Workers: 15
 Concurrent Workers: 4
 Concurrent Refinement Workers: 15
 Periodic GC: Disabled
Heap:
 garbage-first heap   total 331776K, used 145876K [0x00000000e0000000, 0x0000000100000000)
  region size 1024K, 45 young (46080K), 7 survivors (7168K)
 Metaspace       used 77164K, committed 78464K, reserved 458752K
  class space    used 10128K, committed 10752K, reserved 327680K
GC Heap History (20 events):
Event: 2544.300 GC heap before
{Heap before GC invocations=136 (full 0):
 garbage-first heap   total 348160K, used 164667K [0x00000000e0000000, 0x0000000100000000)
  region size 1024K, 79 young (80896K), 2 survivors (2048K)
 Metaspace       used 76637K, committed 77952K, reserved 458752K
  class space    used 10001K, committed 10688K, reserved 327680K
}
Event: 2544.305 GC heap after
{Heap after GC invocations=137 (full 0):
 garbage-first heap   total 348160K, used 98162K [0x00000000e0000000, 0x0000000100000000)
  region size 1024K, 12 young (12288K), 12 survivors (12288K)
 Metaspace       used 76637K, committed 77952K, reserved 458752K
  class space    used 10001K, committed 10688K, reserved 327680K
}
Event: 2576.257 GC heap before
{Heap before GC invocations=138 (full 0):
 garbage-first heap   total 348160K, used 269170K [0x00000000e0000000, 0x0000000100000000)
  region size 1024K, 179 young (183296K), 12 survivors (12288K)
 Metaspace       used 76590K, committed 77888K, reserved 458752K
  class space    used 9997K, committed 10688K, reserved 327680K
}
Event: 2576.262 GC heap after
{Heap after GC invocations=139 (full 0):
 garbage-first heap   total 348160K, used 101645K [0x00000000e0000000, 0x0000000100000000)
  region size 1024K, 14 young (14336K), 14 survivors (14336K)
 Metaspace       used 76590K, committed 77888K, reserved 458752K
  class space    used 9997K, committed 10688K, reserved 327680K
}
Event: 2576.266 GC heap before
{Heap before GC invocations=139 (full 0):
 garbage-first heap   total 348160K, used 104717K [0x00000000e0000000, 0x0000000100000000)
  region size 1024K, 17 young (17408K), 14 survivors (14336K)
 Metaspace       used 76590K, committed 77888K, reserved 458752K
  class space    used 9997K, committed 10688K, reserved 327680K
}
Event: 2576.270 GC heap after
{Heap after GC invocations=140 (full 0):
 garbage-first heap   total 348160K, used 88671K [0x00000000e0000000, 0x0000000100000000)
  region size 1024K, 1 young (1024K), 1 survivors (1024K)
 Metaspace       used 76590K, committed 77888K, reserved 458752K
  class space    used 9997K, committed 10688K, reserved 327680K
}
Event: 2576.387 GC heap before
{Heap before GC invocations=140 (full 0):
 garbage-first heap   total 348160K, used 174687K [0x00000000e0000000, 0x0000000100000000)
  region size 1024K, 87 young (89088K), 1 survivors (1024K)
 Metaspace       used 76685K, committed 78016K, reserved 458752K
  class space    used 10006K, committed 10688K, reserved 327680K
}
Event: 2576.392 GC heap after
{Heap after GC invocations=141 (full 0):
 garbage-first heap   total 418816K, used 100292K [0x00000000e0000000, 0x0000000100000000)
  region size 1024K, 13 young (13312K), 13 survivors (13312K)
 Metaspace       used 76685K, committed 78016K, reserved 458752K
  class space    used 10006K, committed 10688K, reserved 327680K
}
Event: 2610.310 GC heap before
{Heap before GC invocations=142 (full 0):
 garbage-first heap   total 358400K, used 297924K [0x00000000e0000000, 0x0000000100000000)
  region size 1024K, 210 young (215040K), 13 survivors (13312K)
 Metaspace       used 76631K, committed 77952K, reserved 458752K
  class space    used 9998K, committed 10688K, reserved 327680K
}
Event: 2610.315 GC heap after
{Heap after GC invocations=143 (full 0):
 garbage-first heap   total 358400K, used 100726K [0x00000000e0000000, 0x0000000100000000)
  region size 1024K, 16 young (16384K), 16 survivors (16384K)
 Metaspace       used 76631K, committed 77952K, reserved 458752K
  class space    used 9998K, committed 10688K, reserved 327680K
}
Event: 2610.317 GC heap before
{Heap before GC invocations=143 (full 0):
 garbage-first heap   total 358400K, used 101750K [0x00000000e0000000, 0x0000000100000000)
  region size 1024K, 17 young (17408K), 16 survivors (16384K)
 Metaspace       used 76631K, committed 77952K, reserved 458752K
  class space    used 9998K, committed 10688K, reserved 327680K
}
Event: 2610.321 GC heap after
{Heap after GC invocations=144 (full 0):
 garbage-first heap   total 358400K, used 90415K [0x00000000e0000000, 0x0000000100000000)
  region size 1024K, 2 young (2048K), 2 survivors (2048K)
 Metaspace       used 76631K, committed 77952K, reserved 458752K
  class space    used 9998K, committed 10688K, reserved 327680K
}
Event: 2710.783 GC heap before
{Heap before GC invocations=144 (full 0):
 garbage-first heap   total 358400K, used 274735K [0x00000000e0000000, 0x0000000100000000)
  region size 1024K, 183 young (187392K), 2 survivors (2048K)
 Metaspace       used 76829K, committed 78208K, reserved 458752K
  class space    used 9998K, committed 10688K, reserved 327680K
}
Event: 2710.786 GC heap after
{Heap after GC invocations=145 (full 0):
 garbage-first heap   total 358400K, used 94595K [0x00000000e0000000, 0x0000000100000000)
  region size 1024K, 6 young (6144K), 6 survivors (6144K)
 Metaspace       used 76829K, committed 78208K, reserved 458752K
  class space    used 9998K, committed 10688K, reserved 327680K
}
Event: 2843.088 GC heap before
{Heap before GC invocations=146 (full 0):
 garbage-first heap   total 334848K, used 281337K [0x00000000e0000000, 0x0000000100000000)
  region size 1024K, 190 young (194560K), 6 survivors (6144K)
 Metaspace       used 75156K, committed 78144K, reserved 458752K
  class space    used 9802K, committed 10688K, reserved 327680K
}
Event: 2843.092 GC heap after
{Heap after GC invocations=147 (full 0):
 garbage-first heap   total 334848K, used 96777K [0x00000000e0000000, 0x0000000100000000)
  region size 1024K, 8 young (8192K), 8 survivors (8192K)
 Metaspace       used 75156K, committed 78144K, reserved 458752K
  class space    used 9802K, committed 10688K, reserved 327680K
}
Event: 2843.101 GC heap before
{Heap before GC invocations=147 (full 0):
 garbage-first heap   total 334848K, used 103945K [0x00000000e0000000, 0x0000000100000000)
  region size 1024K, 16 young (16384K), 8 survivors (8192K)
 Metaspace       used 75156K, committed 78144K, reserved 458752K
  class space    used 9802K, committed 10688K, reserved 327680K
}
Event: 2843.104 GC heap after
{Heap after GC invocations=148 (full 0):
 garbage-first heap   total 334848K, used 87645K [0x00000000e0000000, 0x0000000100000000)
  region size 1024K, 2 young (2048K), 2 survivors (2048K)
 Metaspace       used 75156K, committed 78144K, reserved 458752K
  class space    used 9802K, committed 10688K, reserved 327680K
}
Event: 2870.681 GC heap before
{Heap before GC invocations=148 (full 0):
 garbage-first heap   total 334848K, used 157277K [0x00000000e0000000, 0x0000000100000000)
  region size 1024K, 71 young (72704K), 2 survivors (2048K)
 Metaspace       used 75214K, committed 78144K, reserved 458752K
  class space    used 9818K, committed 10688K, reserved 327680K
}
Event: 2870.684 GC heap after
{Heap after GC invocations=149 (full 0):
 garbage-first heap   total 334848K, used 93149K [0x00000000e0000000, 0x0000000100000000)
  region size 1024K, 7 young (7168K), 7 survivors (7168K)
 Metaspace       used 75214K, committed 78144K, reserved 458752K
  class space    used 9818K, committed 10688K, reserved 327680K
}

