# JRE version: Java(TM) SE Runtime Environment (17.0.9+11) (build 17.0.9+11-LTS-201)
# Java VM: Java HotSpot(TM) 64-Bit Server VM (17.0.9+11-LTS-201, mixed mode, sharing, tiered, compressed oops, compressed class ptrs, g1 gc, windows-amd64)
GC Precious Log:
 CPUs: 20 total, 20 available
 Memory: 16234M
 Large Page Support: Disabled
 NUMA Support: Disabled
 Compressed Oops: Enabled (Zero based)
 Heap Region Size: 2M
 Heap Min Capacity: 8M
 Heap Initial Capacity: 254M
 Heap Max Capacity: 4060M
 Pre-touch: Disabled
 Parallel Workers: 15
 Concurrent Workers: 4
 Concurrent Refinement Workers: 15
 Periodic GC: Disabled
Heap:
 garbage-first heap   total 161792K, used 16764K [0x0000000702400000, 0x0000000800000000)
  region size 2048K, 3 young (6144K), 2 survivors (4096K)
 Metaspace       used 27999K, committed 28352K, reserved 1114112K
  class space    used 3693K, committed 3840K, reserved 1048576K
GC Heap History (12 events):
Event: 0.236 GC heap before
{Heap before GC invocations=0 (full 0):
 garbage-first heap   total 260096K, used 20480K [0x0000000702400000, 0x0000000800000000)
  region size 2048K, 11 young (22528K), 0 survivors (0K)
 Metaspace       used 4516K, committed 4672K, reserved 1114112K
  class space    used 547K, committed 640K, reserved 1048576K
}
Event: 0.238 GC heap after
{Heap after GC invocations=1 (full 0):
 garbage-first heap   total 260096K, used 6978K [0x0000000702400000, 0x0000000800000000)
  region size 2048K, 2 young (4096K), 2 survivors (4096K)
 Metaspace       used 4516K, committed 4672K, reserved 1114112K
  class space    used 547K, committed 640K, reserved 1048576K
}
Event: 0.477 GC heap before
{Heap before GC invocations=1 (full 0):
 garbage-first heap   total 260096K, used 31554K [0x0000000702400000, 0x0000000800000000)
  region size 2048K, 14 young (28672K), 2 survivors (4096K)
 Metaspace       used 10243K, committed 10432K, reserved 1114112K
  class space    used 1304K, committed 1408K, reserved 1048576K
}
Event: 0.480 GC heap after
{Heap after GC invocations=2 (full 0):
 garbage-first heap   total 260096K, used 8559K [0x0000000702400000, 0x0000000800000000)
  region size 2048K, 1 young (2048K), 1 survivors (2048K)
 Metaspace       used 10243K, committed 10432K, reserved 1114112K
  class space    used 1304K, committed 1408K, reserved 1048576K
}
Event: 0.784 GC heap before
{Heap before GC invocations=2 (full 0):
 garbage-first heap   total 260096K, used 63855K [0x0000000702400000, 0x0000000800000000)
  region size 2048K, 29 young (59392K), 1 survivors (2048K)
 Metaspace       used 21245K, committed 21504K, reserved 1114112K
  class space    used 2734K, committed 2880K, reserved 1048576K
}
Event: 0.787 GC heap after
{Heap after GC invocations=3 (full 0):
 garbage-first heap   total 260096K, used 13193K [0x0000000702400000, 0x0000000800000000)
  region size 2048K, 4 young (8192K), 4 survivors (8192K)
 Metaspace       used 21245K, committed 21504K, reserved 1114112K
  class space    used 2734K, committed 2880K, reserved 1048576K
}
Event: 1.037 GC heap before
{Heap before GC invocations=4 (full 0):
 garbage-first heap   total 61440K, used 43913K [0x0000000702400000, 0x0000000800000000)
  region size 2048K, 20 young (40960K), 4 survivors (8192K)
 Metaspace       used 24330K, committed 24640K, reserved 1114112K
  class space    used 3136K, committed 3328K, reserved 1048576K
}
Event: 1.041 GC heap after
{Heap after GC invocations=5 (full 0):
 garbage-first heap   total 61440K, used 14977K [0x0000000702400000, 0x0000000800000000)
  region size 2048K, 5 young (10240K), 5 survivors (10240K)
 Metaspace       used 24330K, committed 24640K, reserved 1114112K
  class space    used 3136K, committed 3328K, reserved 1048576K
}
Event: 1.060 GC heap before
{Heap before GC invocations=5 (full 0):
 garbage-first heap   total 61440K, used 17025K [0x0000000702400000, 0x0000000800000000)
  region size 2048K, 6 young (12288K), 5 survivors (10240K)
 Metaspace       used 24525K, committed 24832K, reserved 1114112K
  class space    used 3169K, committed 3328K, reserved 1048576K
}
Event: 1.065 GC heap after
{Heap after GC invocations=6 (full 0):
 garbage-first heap   total 61440K, used 15755K [0x0000000702400000, 0x0000000800000000)
  region size 2048K, 1 young (2048K), 1 survivors (2048K)
 Metaspace       used 24525K, committed 24832K, reserved 1114112K
  class space    used 3169K, committed 3328K, reserved 1048576K
}
Event: 1.351 GC heap before
{Heap before GC invocations=6 (full 0):
 garbage-first heap   total 61440K, used 40331K [0x0000000702400000, 0x0000000800000000)
  region size 2048K, 13 young (26624K), 1 survivors (2048K)
 Metaspace       used 27675K, committed 28096K, reserved 1114112K
  class space    used 3654K, committed 3840K, reserved 1048576K
}
Event: 1.356 GC heap after
{Heap after GC invocations=7 (full 0):
 garbage-first heap   total 161792K, used 16764K [0x0000000702400000, 0x0000000800000000)
  region size 2048K, 2 young (4096K), 2 survivors (4096K)
 Metaspace       used 27675K, committed 28096K, reserved 1114112K
  class space    used 3654K, committed 3840K, reserved 1048576K
}

