# JRE version: Java(TM) SE Runtime Environment (17.0.9+11) (build 17.0.9+11-LTS-201)
# Java VM: Java HotSpot(TM) 64-Bit Server VM (17.0.9+11-LTS-201, mixed mode, sharing, tiered, compressed oops, compressed class ptrs, g1 gc, windows-amd64)
GC Precious Log:
 CPUs: 20 total, 20 available
 Memory: 16234M
 Large Page Support: Disabled
 NUMA Support: Disabled
 Compressed Oops: Enabled (Zero based)
 Heap Region Size: 2M
 Heap Min Capacity: 8M
 Heap Initial Capacity: 254M
 Heap Max Capacity: 4060M
 Pre-touch: Disabled
 Parallel Workers: 15
 Concurrent Workers: 4
 Concurrent Refinement Workers: 15
 Periodic GC: Disabled
Heap:
 garbage-first heap   total 96256K, used 28720K [0x0000000702400000, 0x0000000800000000)
  region size 2048K, 5 young (10240K), 2 survivors (4096K)
 Metaspace       used 60217K, committed 60736K, reserved 1114112K
  class space    used 8238K, committed 8448K, reserved 1048576K
GC Heap History (20 events):
Event: 0.834 GC heap before
{Heap before GC invocations=2 (full 0):
 garbage-first heap   total 260096K, used 66179K [0x0000000702400000, 0x0000000800000000)
  region size 2048K, 31 young (63488K), 2 survivors (4096K)
 Metaspace       used 21239K, committed 21504K, reserved 1114112K
  class space    used 2731K, committed 2880K, reserved 1048576K
}
Event: 0.837 GC heap after
{Heap after GC invocations=3 (full 0):
 garbage-first heap   total 260096K, used 13432K [0x0000000702400000, 0x0000000800000000)
  region size 2048K, 4 young (8192K), 4 survivors (8192K)
 Metaspace       used 21239K, committed 21504K, reserved 1114112K
  class space    used 2731K, committed 2880K, reserved 1048576K
}
Event: 1.103 GC heap before
{Heap before GC invocations=4 (full 0):
 garbage-first heap   total 61440K, used 44152K [0x0000000702400000, 0x0000000800000000)
  region size 2048K, 20 young (40960K), 4 survivors (8192K)
 Metaspace       used 24428K, committed 24768K, reserved 1114112K
  class space    used 3153K, committed 3328K, reserved 1048576K
}
Event: 1.107 GC heap after
{Heap after GC invocations=5 (full 0):
 garbage-first heap   total 61440K, used 14918K [0x0000000702400000, 0x0000000800000000)
  region size 2048K, 4 young (8192K), 4 survivors (8192K)
 Metaspace       used 24428K, committed 24768K, reserved 1114112K
  class space    used 3153K, committed 3328K, reserved 1048576K
}
Event: 1.130 GC heap before
{Heap before GC invocations=5 (full 0):
 garbage-first heap   total 61440K, used 16966K [0x0000000702400000, 0x0000000800000000)
  region size 2048K, 5 young (10240K), 4 survivors (8192K)
 Metaspace       used 24611K, committed 24896K, reserved 1114112K
  class space    used 3180K, committed 3328K, reserved 1048576K
}
Event: 1.134 GC heap after
{Heap after GC invocations=6 (full 0):
 garbage-first heap   total 61440K, used 16102K [0x0000000702400000, 0x0000000800000000)
  region size 2048K, 1 young (2048K), 1 survivors (2048K)
 Metaspace       used 24611K, committed 24896K, reserved 1114112K
  class space    used 3180K, committed 3328K, reserved 1048576K
}
Event: 1.417 GC heap before
{Heap before GC invocations=6 (full 0):
 garbage-first heap   total 61440K, used 40678K [0x0000000702400000, 0x0000000800000000)
  region size 2048K, 13 young (26624K), 1 survivors (2048K)
 Metaspace       used 27749K, committed 28096K, reserved 1114112K
  class space    used 3662K, committed 3840K, reserved 1048576K
}
Event: 1.422 GC heap after
{Heap after GC invocations=7 (full 0):
 garbage-first heap   total 61440K, used 16892K [0x0000000702400000, 0x0000000800000000)
  region size 2048K, 2 young (4096K), 2 survivors (4096K)
 Metaspace       used 27749K, committed 28096K, reserved 1114112K
  class space    used 3662K, committed 3840K, reserved 1048576K
}
Event: 1.657 GC heap before
{Heap before GC invocations=7 (full 0):
 garbage-first heap   total 61440K, used 39420K [0x0000000702400000, 0x0000000800000000)
  region size 2048K, 13 young (26624K), 2 survivors (4096K)
 Metaspace       used 32803K, committed 33216K, reserved 1114112K
  class space    used 4376K, committed 4544K, reserved 1048576K
}
Event: 1.660 GC heap after
{Heap after GC invocations=8 (full 0):
 garbage-first heap   total 161792K, used 17844K [0x0000000702400000, 0x0000000800000000)
  region size 2048K, 2 young (4096K), 2 survivors (4096K)
 Metaspace       used 32803K, committed 33216K, reserved 1114112K
  class space    used 4376K, committed 4544K, reserved 1048576K
}
Event: 1.764 GC heap before
{Heap before GC invocations=8 (full 0):
 garbage-first heap   total 161792K, used 30132K [0x0000000702400000, 0x0000000800000000)
  region size 2048K, 9 young (18432K), 2 survivors (4096K)
 Metaspace       used 35590K, committed 35968K, reserved 1114112K
  class space    used 4741K, committed 4928K, reserved 1048576K
}
Event: 1.767 GC heap after
{Heap after GC invocations=9 (full 0):
 garbage-first heap   total 161792K, used 18777K [0x0000000702400000, 0x0000000800000000)
  region size 2048K, 2 young (4096K), 2 survivors (4096K)
 Metaspace       used 35590K, committed 35968K, reserved 1114112K
  class space    used 4741K, committed 4928K, reserved 1048576K
}
Event: 2.198 GC heap before
{Heap before GC invocations=10 (full 0):
 garbage-first heap   total 75776K, used 59737K [0x0000000702400000, 0x0000000800000000)
  region size 2048K, 22 young (45056K), 2 survivors (4096K)
 Metaspace       used 47108K, committed 47488K, reserved 1114112K
  class space    used 6199K, committed 6336K, reserved 1048576K
}
Event: 2.203 GC heap after
{Heap after GC invocations=11 (full 0):
 garbage-first heap   total 75776K, used 21735K [0x0000000702400000, 0x0000000800000000)
  region size 2048K, 3 young (6144K), 3 survivors (6144K)
 Metaspace       used 47108K, committed 47488K, reserved 1114112K
  class space    used 6199K, committed 6336K, reserved 1048576K
}
Event: 2.216 GC heap before
{Heap before GC invocations=11 (full 0):
 garbage-first heap   total 75776K, used 23783K [0x0000000702400000, 0x0000000800000000)
  region size 2048K, 4 young (8192K), 3 survivors (6144K)
 Metaspace       used 47637K, committed 48000K, reserved 1114112K
  class space    used 6267K, committed 6400K, reserved 1048576K
}
Event: 2.220 GC heap after
{Heap after GC invocations=12 (full 0):
 garbage-first heap   total 75776K, used 22067K [0x0000000702400000, 0x0000000800000000)
  region size 2048K, 1 young (2048K), 1 survivors (2048K)
 Metaspace       used 47637K, committed 48000K, reserved 1114112K
  class space    used 6267K, committed 6400K, reserved 1048576K
}
Event: 2.535 GC heap before
{Heap before GC invocations=12 (full 0):
 garbage-first heap   total 75776K, used 54835K [0x0000000702400000, 0x0000000800000000)
  region size 2048K, 18 young (36864K), 1 survivors (2048K)
 Metaspace       used 54882K, committed 55360K, reserved 1114112K
  class space    used 7456K, committed 7680K, reserved 1048576K
}
Event: 2.537 GC heap after
{Heap after GC invocations=13 (full 0):
 garbage-first heap   total 126976K, used 22750K [0x0000000702400000, 0x0000000800000000)
  region size 2048K, 1 young (2048K), 1 survivors (2048K)
 Metaspace       used 54882K, committed 55360K, reserved 1114112K
  class space    used 7456K, committed 7680K, reserved 1048576K
}
Event: 3.174 GC heap before
{Heap before GC invocations=13 (full 0):
 garbage-first heap   total 126976K, used 80094K [0x0000000702400000, 0x0000000800000000)
  region size 2048K, 30 young (61440K), 1 survivors (2048K)
 Metaspace       used 59645K, committed 60096K, reserved 1114112K
  class space    used 8114K, committed 8320K, reserved 1048576K
}
Event: 3.177 GC heap after
{Heap after GC invocations=14 (full 0):
 garbage-first heap   total 126976K, used 24624K [0x0000000702400000, 0x0000000800000000)
  region size 2048K, 2 young (4096K), 2 survivors (4096K)
 Metaspace       used 59645K, committed 60096K, reserved 1114112K
  class space    used 8114K, committed 8320K, reserved 1048576K
}

