# JRE version: Java(TM) SE Runtime Environment (17.0.9+11) (build 17.0.9+11-LTS-201)
# Java VM: Java HotSpot(TM) 64-Bit Server VM (17.0.9+11-LTS-201, mixed mode, sharing, tiered, compressed oops, compressed class ptrs, g1 gc, windows-amd64)
GC Precious Log:
 CPUs: 20 total, 20 available
 Memory: 16234M
 Large Page Support: Disabled
 NUMA Support: Disabled
 Compressed Oops: Enabled (Zero based)
 Heap Region Size: 2M
 Heap Min Capacity: 8M
 Heap Initial Capacity: 254M
 Heap Max Capacity: 4060M
 Pre-touch: Disabled
 Parallel Workers: 15
 Concurrent Workers: 4
 Concurrent Refinement Workers: 15
 Periodic GC: Disabled
Heap:
 garbage-first heap   total 75776K, used 20572K [0x0000000702400000, 0x0000000800000000)
  region size 2048K, 4 young (8192K), 2 survivors (4096K)
 Metaspace       used 36121K, committed 36544K, reserved 1114112K
  class space    used 4841K, committed 5056K, reserved 1048576K
GC Heap History (16 events):
Event: 0.246 GC heap before
{Heap before GC invocations=0 (full 0):
 garbage-first heap   total 260096K, used 20480K [0x0000000702400000, 0x0000000800000000)
  region size 2048K, 11 young (22528K), 0 survivors (0K)
 Metaspace       used 4318K, committed 4480K, reserved 1114112K
  class space    used 508K, committed 576K, reserved 1048576K
}
Event: 0.248 GC heap after
{Heap after GC invocations=1 (full 0):
 garbage-first heap   total 260096K, used 7008K [0x0000000702400000, 0x0000000800000000)
  region size 2048K, 2 young (4096K), 2 survivors (4096K)
 Metaspace       used 4318K, committed 4480K, reserved 1114112K
  class space    used 508K, committed 576K, reserved 1048576K
}
Event: 0.503 GC heap before
{Heap before GC invocations=1 (full 0):
 garbage-first heap   total 260096K, used 31584K [0x0000000702400000, 0x0000000800000000)
  region size 2048K, 15 young (30720K), 2 survivors (4096K)
 Metaspace       used 10660K, committed 10880K, reserved 1114112K
  class space    used 1365K, committed 1472K, reserved 1048576K
}
Event: 0.505 GC heap after
{Heap after GC invocations=2 (full 0):
 garbage-first heap   total 260096K, used 8656K [0x0000000702400000, 0x0000000800000000)
  region size 2048K, 2 young (4096K), 2 survivors (4096K)
 Metaspace       used 10660K, committed 10880K, reserved 1114112K
  class space    used 1365K, committed 1472K, reserved 1048576K
}
Event: 0.797 GC heap before
{Heap before GC invocations=2 (full 0):
 garbage-first heap   total 260096K, used 59856K [0x0000000702400000, 0x0000000800000000)
  region size 2048K, 28 young (57344K), 2 survivors (4096K)
 Metaspace       used 21222K, committed 21504K, reserved 1114112K
  class space    used 2726K, committed 2880K, reserved 1048576K
}
Event: 0.800 GC heap after
{Heap after GC invocations=3 (full 0):
 garbage-first heap   total 260096K, used 13154K [0x0000000702400000, 0x0000000800000000)
  region size 2048K, 4 young (8192K), 4 survivors (8192K)
 Metaspace       used 21222K, committed 21504K, reserved 1114112K
  class space    used 2726K, committed 2880K, reserved 1048576K
}
Event: 1.072 GC heap before
{Heap before GC invocations=4 (full 0):
 garbage-first heap   total 61440K, used 43874K [0x0000000702400000, 0x0000000800000000)
  region size 2048K, 20 young (40960K), 4 survivors (8192K)
 Metaspace       used 24495K, committed 24768K, reserved 1114112K
  class space    used 3173K, committed 3328K, reserved 1048576K
}
Event: 1.075 GC heap after
{Heap after GC invocations=5 (full 0):
 garbage-first heap   total 61440K, used 14974K [0x0000000702400000, 0x0000000800000000)
  region size 2048K, 5 young (10240K), 5 survivors (10240K)
 Metaspace       used 24495K, committed 24768K, reserved 1114112K
  class space    used 3173K, committed 3328K, reserved 1048576K
}
Event: 1.101 GC heap before
{Heap before GC invocations=5 (full 0):
 garbage-first heap   total 61440K, used 17022K [0x0000000702400000, 0x0000000800000000)
  region size 2048K, 6 young (12288K), 5 survivors (10240K)
 Metaspace       used 24718K, committed 25088K, reserved 1114112K
  class space    used 3203K, committed 3392K, reserved 1048576K
}
Event: 1.105 GC heap after
{Heap after GC invocations=6 (full 0):
 garbage-first heap   total 61440K, used 15871K [0x0000000702400000, 0x0000000800000000)
  region size 2048K, 1 young (2048K), 1 survivors (2048K)
 Metaspace       used 24718K, committed 25088K, reserved 1114112K
  class space    used 3203K, committed 3392K, reserved 1048576K
}
Event: 1.376 GC heap before
{Heap before GC invocations=6 (full 0):
 garbage-first heap   total 61440K, used 40447K [0x0000000702400000, 0x0000000800000000)
  region size 2048K, 13 young (26624K), 1 survivors (2048K)
 Metaspace       used 28572K, committed 28928K, reserved 1114112K
  class space    used 3740K, committed 3904K, reserved 1048576K
}
Event: 1.381 GC heap after
{Heap after GC invocations=7 (full 0):
 garbage-first heap   total 61440K, used 16670K [0x0000000702400000, 0x0000000800000000)
  region size 2048K, 2 young (4096K), 2 survivors (4096K)
 Metaspace       used 28572K, committed 28928K, reserved 1114112K
  class space    used 3740K, committed 3904K, reserved 1048576K
}
Event: 1.620 GC heap before
{Heap before GC invocations=7 (full 0):
 garbage-first heap   total 61440K, used 39198K [0x0000000702400000, 0x0000000800000000)
  region size 2048K, 13 young (26624K), 2 survivors (4096K)
 Metaspace       used 33181K, committed 33600K, reserved 1114112K
  class space    used 4477K, committed 4672K, reserved 1048576K
}
Event: 1.623 GC heap after
{Heap after GC invocations=8 (full 0):
 garbage-first heap   total 161792K, used 17794K [0x0000000702400000, 0x0000000800000000)
  region size 2048K, 2 young (4096K), 2 survivors (4096K)
 Metaspace       used 33181K, committed 33600K, reserved 1114112K
  class space    used 4477K, committed 4672K, reserved 1048576K
}
Event: 1.706 GC heap before
{Heap before GC invocations=8 (full 0):
 garbage-first heap   total 161792K, used 25986K [0x0000000702400000, 0x0000000800000000)
  region size 2048K, 7 young (14336K), 2 survivors (4096K)
 Metaspace       used 35603K, committed 35968K, reserved 1114112K
  class space    used 4755K, committed 4928K, reserved 1048576K
}
Event: 1.708 GC heap after
{Heap after GC invocations=9 (full 0):
 garbage-first heap   total 161792K, used 18524K [0x0000000702400000, 0x0000000800000000)
  region size 2048K, 2 young (4096K), 2 survivors (4096K)
 Metaspace       used 35603K, committed 35968K, reserved 1114112K
  class space    used 4755K, committed 4928K, reserved 1048576K
}

