# JRE version: Java(TM) SE Runtime Environment (17.0.9+11) (build 17.0.9+11-LTS-201)
# Java VM: Java HotSpot(TM) 64-Bit Server VM (17.0.9+11-LTS-201, mixed mode, sharing, tiered, compressed oops, compressed class ptrs, g1 gc, windows-amd64)
GC Precious Log:
 CPUs: 20 total, 20 available
 Memory: 16234M
 Large Page Support: Disabled
 NUMA Support: Disabled
 Compressed Oops: Enabled (Zero based)
 Heap Region Size: 2M
 Heap Min Capacity: 8M
 Heap Initial Capacity: 254M
 Heap Max Capacity: 4060M
 Pre-touch: Disabled
 Parallel Workers: 15
 Concurrent Workers: 4
 Concurrent Refinement Workers: 15
 Periodic GC: Disabled
Heap:
 garbage-first heap   total 96256K, used 28496K [0x0000000702400000, 0x0000000800000000)
  region size 2048K, 5 young (10240K), 2 survivors (4096K)
 Metaspace       used 60234K, committed 60736K, reserved 1114112K
  class space    used 8248K, committed 8448K, reserved 1048576K
GC Heap History (20 events):
Event: 1.083 GC heap before
{Heap before GC invocations=4 (full 0):
 garbage-first heap   total 61440K, used 43937K [0x0000000702400000, 0x0000000800000000)
  region size 2048K, 20 young (40960K), 4 survivors (8192K)
 Metaspace       used 24300K, committed 24576K, reserved 1114112K
  class space    used 3130K, committed 3264K, reserved 1048576K
}
Event: 1.086 GC heap after
{Heap after GC invocations=5 (full 0):
 garbage-first heap   total 61440K, used 15007K [0x0000000702400000, 0x0000000800000000)
  region size 2048K, 5 young (10240K), 5 survivors (10240K)
 Metaspace       used 24300K, committed 24576K, reserved 1114112K
  class space    used 3130K, committed 3264K, reserved 1048576K
}
Event: 1.108 GC heap before
{Heap before GC invocations=5 (full 0):
 garbage-first heap   total 61440K, used 17055K [0x0000000702400000, 0x0000000800000000)
  region size 2048K, 6 young (12288K), 5 survivors (10240K)
 Metaspace       used 24507K, committed 24832K, reserved 1114112K
  class space    used 3165K, committed 3328K, reserved 1048576K
}
Event: 1.112 GC heap after
{Heap after GC invocations=6 (full 0):
 garbage-first heap   total 61440K, used 15761K [0x0000000702400000, 0x0000000800000000)
  region size 2048K, 1 young (2048K), 1 survivors (2048K)
 Metaspace       used 24507K, committed 24832K, reserved 1114112K
  class space    used 3165K, committed 3328K, reserved 1048576K
}
Event: 1.370 GC heap before
{Heap before GC invocations=6 (full 0):
 garbage-first heap   total 61440K, used 40337K [0x0000000702400000, 0x0000000800000000)
  region size 2048K, 13 young (26624K), 1 survivors (2048K)
 Metaspace       used 27570K, committed 28032K, reserved 1114112K
  class space    used 3633K, committed 3840K, reserved 1048576K
}
Event: 1.375 GC heap after
{Heap after GC invocations=7 (full 0):
 garbage-first heap   total 61440K, used 16771K [0x0000000702400000, 0x0000000800000000)
  region size 2048K, 2 young (4096K), 2 survivors (4096K)
 Metaspace       used 27570K, committed 28032K, reserved 1114112K
  class space    used 3633K, committed 3840K, reserved 1048576K
}
Event: 1.650 GC heap before
{Heap before GC invocations=7 (full 0):
 garbage-first heap   total 61440K, used 41347K [0x0000000702400000, 0x0000000800000000)
  region size 2048K, 14 young (28672K), 2 survivors (4096K)
 Metaspace       used 32919K, committed 33344K, reserved 1114112K
  class space    used 4401K, committed 4608K, reserved 1048576K
}
Event: 1.654 GC heap after
{Heap after GC invocations=8 (full 0):
 garbage-first heap   total 161792K, used 17733K [0x0000000702400000, 0x0000000800000000)
  region size 2048K, 2 young (4096K), 2 survivors (4096K)
 Metaspace       used 32919K, committed 33344K, reserved 1114112K
  class space    used 4401K, committed 4608K, reserved 1048576K
}
Event: 1.752 GC heap before
{Heap before GC invocations=8 (full 0):
 garbage-first heap   total 161792K, used 27973K [0x0000000702400000, 0x0000000800000000)
  region size 2048K, 8 young (16384K), 2 survivors (4096K)
 Metaspace       used 35591K, committed 35968K, reserved 1114112K
  class space    used 4745K, committed 4928K, reserved 1048576K
}
Event: 1.754 GC heap after
{Heap after GC invocations=9 (full 0):
 garbage-first heap   total 161792K, used 18497K [0x0000000702400000, 0x0000000800000000)
  region size 2048K, 2 young (4096K), 2 survivors (4096K)
 Metaspace       used 35591K, committed 35968K, reserved 1114112K
  class space    used 4745K, committed 4928K, reserved 1048576K
}
Event: 2.190 GC heap before
{Heap before GC invocations=10 (full 0):
 garbage-first heap   total 75776K, used 59457K [0x0000000702400000, 0x0000000800000000)
  region size 2048K, 22 young (45056K), 2 survivors (4096K)
 Metaspace       used 47218K, committed 47680K, reserved 1114112K
  class space    used 6218K, committed 6464K, reserved 1048576K
}
Event: 2.196 GC heap after
{Heap after GC invocations=11 (full 0):
 garbage-first heap   total 75776K, used 21413K [0x0000000702400000, 0x0000000800000000)
  region size 2048K, 3 young (6144K), 3 survivors (6144K)
 Metaspace       used 47218K, committed 47680K, reserved 1114112K
  class space    used 6218K, committed 6464K, reserved 1048576K
}
Event: 2.209 GC heap before
{Heap before GC invocations=11 (full 0):
 garbage-first heap   total 75776K, used 23461K [0x0000000702400000, 0x0000000800000000)
  region size 2048K, 4 young (8192K), 3 survivors (6144K)
 Metaspace       used 47755K, committed 48256K, reserved 1114112K
  class space    used 6278K, committed 6528K, reserved 1048576K
}
Event: 2.212 GC heap after
{Heap after GC invocations=12 (full 0):
 garbage-first heap   total 75776K, used 21939K [0x0000000702400000, 0x0000000800000000)
  region size 2048K, 1 young (2048K), 1 survivors (2048K)
 Metaspace       used 47755K, committed 48256K, reserved 1114112K
  class space    used 6278K, committed 6528K, reserved 1048576K
}
Event: 2.530 GC heap before
{Heap before GC invocations=12 (full 0):
 garbage-first heap   total 75776K, used 56755K [0x0000000702400000, 0x0000000800000000)
  region size 2048K, 18 young (36864K), 1 survivors (2048K)
 Metaspace       used 55046K, committed 55552K, reserved 1114112K
  class space    used 7481K, committed 7744K, reserved 1048576K
}
Event: 2.533 GC heap after
{Heap after GC invocations=13 (full 0):
 garbage-first heap   total 75776K, used 22466K [0x0000000702400000, 0x0000000800000000)
  region size 2048K, 1 young (2048K), 1 survivors (2048K)
 Metaspace       used 55046K, committed 55552K, reserved 1114112K
  class space    used 7481K, committed 7744K, reserved 1048576K
}
Event: 3.083 GC heap before
{Heap before GC invocations=13 (full 0):
 garbage-first heap   total 75776K, used 55234K [0x0000000702400000, 0x0000000800000000)
  region size 2048K, 18 young (36864K), 1 survivors (2048K)
 Metaspace       used 58963K, committed 59456K, reserved 1114112K
  class space    used 8009K, committed 8256K, reserved 1048576K
}
Event: 3.089 GC heap after
{Heap after GC invocations=14 (full 0):
 garbage-first heap   total 75776K, used 24244K [0x0000000702400000, 0x0000000800000000)
  region size 2048K, 2 young (4096K), 2 survivors (4096K)
 Metaspace       used 58963K, committed 59456K, reserved 1114112K
  class space    used 8009K, committed 8256K, reserved 1048576K
}
Event: 3.171 GC heap before
{Heap before GC invocations=14 (full 0):
 garbage-first heap   total 75776K, used 44724K [0x0000000702400000, 0x0000000800000000)
  region size 2048K, 13 young (26624K), 2 survivors (4096K)
 Metaspace       used 59688K, committed 60096K, reserved 1114112K
  class space    used 8124K, committed 8320K, reserved 1048576K
}
Event: 3.175 GC heap after
{Heap after GC invocations=15 (full 0):
 garbage-first heap   total 124928K, used 24400K [0x0000000702400000, 0x0000000800000000)
  region size 2048K, 2 young (4096K), 2 survivors (4096K)
 Metaspace       used 59688K, committed 60096K, reserved 1114112K
  class space    used 8124K, committed 8320K, reserved 1048576K
}

