# JRE version: Java(TM) SE Runtime Environment (17.0.9+11) (build 17.0.9+11-LTS-201)
# Java VM: Java HotSpot(TM) 64-Bit Server VM (17.0.9+11-LTS-201, mixed mode, sharing, tiered, compressed oops, compressed class ptrs, g1 gc, windows-amd64)
GC Precious Log:
 CPUs: 20 total, 20 available
 Memory: 16234M
 Large Page Support: Disabled
 NUMA Support: Disabled
 Compressed Oops: Enabled (Zero based)
 Heap Region Size: 2M
 Heap Min Capacity: 8M
 Heap Initial Capacity: 254M
 Heap Max Capacity: 4060M
 Pre-touch: Disabled
 Parallel Workers: 15
 Concurrent Workers: 4
 Concurrent Refinement Workers: 15
 Periodic GC: Disabled
Heap:
 garbage-first heap   total 61440K, used 17841K [0x0000000702400000, 0x0000000800000000)
  region size 2048K, 2 young (4096K), 2 survivors (4096K)
 Metaspace       used 33208K, committed 33664K, reserved 1114112K
  class space    used 4481K, committed 4672K, reserved 1048576K
GC Heap History (13 events):
Event: 0.234 GC heap before
{Heap before GC invocations=0 (full 0):
 garbage-first heap   total 260096K, used 20480K [0x0000000702400000, 0x0000000800000000)
  region size 2048K, 11 young (22528K), 0 survivors (0K)
 Metaspace       used 4320K, committed 4480K, reserved 1114112K
  class space    used 508K, committed 576K, reserved 1048576K
}
Event: 0.236 GC heap after
{Heap after GC invocations=1 (full 0):
 garbage-first heap   total 260096K, used 6598K [0x0000000702400000, 0x0000000800000000)
  region size 2048K, 2 young (4096K), 2 survivors (4096K)
 Metaspace       used 4320K, committed 4480K, reserved 1114112K
  class space    used 508K, committed 576K, reserved 1048576K
}
Event: 0.468 GC heap before
{Heap before GC invocations=1 (full 0):
 garbage-first heap   total 260096K, used 31174K [0x0000000702400000, 0x0000000800000000)
  region size 2048K, 14 young (28672K), 2 survivors (4096K)
 Metaspace       used 10243K, committed 10496K, reserved 1114112K
  class space    used 1286K, committed 1408K, reserved 1048576K
}
Event: 0.470 GC heap after
{Heap after GC invocations=2 (full 0):
 garbage-first heap   total 260096K, used 8654K [0x0000000702400000, 0x0000000800000000)
  region size 2048K, 2 young (4096K), 2 survivors (4096K)
 Metaspace       used 10243K, committed 10496K, reserved 1114112K
  class space    used 1286K, committed 1408K, reserved 1048576K
}
Event: 0.776 GC heap before
{Heap before GC invocations=2 (full 0):
 garbage-first heap   total 260096K, used 63950K [0x0000000702400000, 0x0000000800000000)
  region size 2048K, 30 young (61440K), 2 survivors (4096K)
 Metaspace       used 21208K, committed 21568K, reserved 1114112K
  class space    used 2728K, committed 2880K, reserved 1048576K
}
Event: 0.779 GC heap after
{Heap after GC invocations=3 (full 0):
 garbage-first heap   total 260096K, used 13190K [0x0000000702400000, 0x0000000800000000)
  region size 2048K, 4 young (8192K), 4 survivors (8192K)
 Metaspace       used 21208K, committed 21568K, reserved 1114112K
  class space    used 2728K, committed 2880K, reserved 1048576K
}
Event: 1.046 GC heap before
{Heap before GC invocations=4 (full 0):
 garbage-first heap   total 61440K, used 43910K [0x0000000702400000, 0x0000000800000000)
  region size 2048K, 20 young (40960K), 4 survivors (8192K)
 Metaspace       used 24506K, committed 24768K, reserved 1114112K
  class space    used 3173K, committed 3328K, reserved 1048576K
}
Event: 1.050 GC heap after
{Heap after GC invocations=5 (full 0):
 garbage-first heap   total 61440K, used 14996K [0x0000000702400000, 0x0000000800000000)
  region size 2048K, 5 young (10240K), 5 survivors (10240K)
 Metaspace       used 24506K, committed 24768K, reserved 1114112K
  class space    used 3173K, committed 3328K, reserved 1048576K
}
Event: 1.073 GC heap before
{Heap before GC invocations=5 (full 0):
 garbage-first heap   total 61440K, used 17044K [0x0000000702400000, 0x0000000800000000)
  region size 2048K, 6 young (12288K), 5 survivors (10240K)
 Metaspace       used 24725K, committed 25024K, reserved 1114112K
  class space    used 3203K, committed 3328K, reserved 1048576K
}
Event: 1.077 GC heap after
{Heap after GC invocations=6 (full 0):
 garbage-first heap   total 61440K, used 15938K [0x0000000702400000, 0x0000000800000000)
  region size 2048K, 1 young (2048K), 1 survivors (2048K)
 Metaspace       used 24725K, committed 25024K, reserved 1114112K
  class space    used 3203K, committed 3328K, reserved 1048576K
}
Event: 1.339 GC heap before
{Heap before GC invocations=6 (full 0):
 garbage-first heap   total 61440K, used 40514K [0x0000000702400000, 0x0000000800000000)
  region size 2048K, 13 young (26624K), 1 survivors (2048K)
 Metaspace       used 28605K, committed 28992K, reserved 1114112K
  class space    used 3743K, committed 3904K, reserved 1048576K
}
Event: 1.342 GC heap after
{Heap after GC invocations=7 (full 0):
 garbage-first heap   total 61440K, used 16723K [0x0000000702400000, 0x0000000800000000)
  region size 2048K, 2 young (4096K), 2 survivors (4096K)
 Metaspace       used 28605K, committed 28992K, reserved 1114112K
  class space    used 3743K, committed 3904K, reserved 1048576K
}
Event: 1.577 GC heap before
{Heap before GC invocations=7 (full 0):
 garbage-first heap   total 61440K, used 39251K [0x0000000702400000, 0x0000000800000000)
  region size 2048K, 13 young (26624K), 2 survivors (4096K)
 Metaspace       used 33208K, committed 33664K, reserved 1114112K
  class space    used 4481K, committed 4672K, reserved 1048576K
}

